A51 MACRO ASSEMBLER  LOGESH                                                               04/22/2024 18:48:42 PAGE     1


MACRO ASSEMBLER A51 V8.2.7.0
OBJECT MODULE PLACED IN .\Objects\logesh.obj
ASSEMBLER INVOKED BY: C:\Keil_v5\C51\BIN\A51.EXE logesh.asm SET(SMALL) DEBUG PRINT(.\Listings\logesh.lst) OBJECT(.\Objec
                      ts\logesh.obj) EP

LOC  OBJ            LINE     SOURCE

0000 74FF              1     mov a,#0xff
0002 F4                2     cpl a  
0003 908000            3     mov dptr,#0x8000
0006 F0                4     movx @dptr,a
0007 A3                5     inc dptr
0008 04                6     inc a  
0009 F0                7     movx @dptr,a
                       8     end
A51 MACRO ASSEMBLER  LOGESH                                                               04/22/2024 18:48:42 PAGE     2

SYMBOL TABLE LISTING
------ ----- -------


N A M E             T Y P E  V A L U E   ATTRIBUTES



REGISTER BANK(S) USED: 0 


ASSEMBLY COMPLETE.  0 WARNING(S), 0 ERROR(S)
